<?xml version="1.0" encoding="UTF-8"?>
<!-- Generated by org.testng.reporters.JUnitReportReporter -->
<testsuite hostname="ChanduReddy" failures="0" tests="6" name="com.OrangeHRMApplication.OrangeHRM_MultipleEmployeeDetails" time="9.981" errors="0" timestamp="2024-02-12T15:35:36 IST" skipped="0">
  <testcase classname="com.OrangeHRMApplication.OrangeHRM_MultipleEmployeeDetails" name="logInPageTest" time="0.529"/>
  <system-out/>
  <testcase classname="com.OrangeHRMApplication.OrangeHRM_MultipleEmployeeDetails" name="logInTest" time="1.976"/>
  <system-out/>
  <testcase classname="com.OrangeHRMApplication.OrangeHRM_MultipleEmployeeDetails" name="homePageTest" time="0.046"/>
  <system-out/>
  <testcase classname="com.OrangeHRMApplication.OrangeHRM_MultipleEmployeeDetails" name="excel_AddMultipleEmployee" time="5.336"/>
  <system-out/>
  <testcase classname="com.OrangeHRMApplication.OrangeHRM_MultipleEmployeeDetails" name="logOutTest" time="1.781"/>
  <system-out/>
  <testcase classname="com.OrangeHRMApplication.OrangeHRM_MultipleEmployeeDetails" name="logInPageTestAfterLogOut" time="0.313"/>
  <system-out/>
</testsuite> <!-- com.OrangeHRMApplication.OrangeHRM_MultipleEmployeeDetails -->
