<?xml version="1.0" encoding="UTF-8"?>
<!-- Generated by org.testng.reporters.JUnitReportReporter -->
<testsuite hostname="ChanduReddy" failures="0" tests="1" name="com.WebTable.WebTable_FirstColoumnData_ExportToExcel" time="3.872" errors="0" timestamp="2024-02-09T16:44:42 IST" skipped="0">
  <testcase classname="com.WebTable.WebTable_FirstColoumnData_ExportToExcel" name="excel_ExportFirstColumnData" time="3.872"/>
  <system-out/>
</testsuite> <!-- com.WebTable.WebTable_FirstColoumnData_ExportToExcel -->
