<?xml version="1.0" encoding="UTF-8"?>
<!-- Generated by org.testng.reporters.JUnitReportReporter -->
<testsuite hostname="ChanduReddy" failures="0" tests="9" name="com.OrangeHRMApplication.AddEmployeeTest" time="23.578" errors="0" timestamp="2024-02-14T13:54:57 IST" skipped="0">
  <testcase classname="com.OrangeHRMApplication.AddEmployeeTest" name="logInPageTest" time="0.053"/>
  <system-out/>
  <testcase classname="com.OrangeHRMApplication.AddEmployeeTest" name="logInTest" time="2.856"/>
  <system-out/>
  <testcase classname="com.OrangeHRMApplication.AddEmployeeTest" name="homePageTest" time="0.185"/>
  <system-out/>
  <testcase classname="com.OrangeHRMApplication.AddEmployeeTest" name="pimTest" time="0.173"/>
  <system-out/>
  <testcase classname="com.OrangeHRMApplication.AddEmployeeTest" name="pimAddEmployeeTest" time="0.708"/>
  <system-out/>
  <testcase classname="com.OrangeHRMApplication.AddEmployeeTest" name="AddEmployeeWebPageTest" time="0.002"/>
  <system-out/>
  <testcase classname="com.OrangeHRMApplication.AddEmployeeTest" name="AddEmployeeTest" time="19.487"/>
  <system-out/>
  <testcase classname="com.OrangeHRMApplication.AddEmployeeTest" name="personalDetailsWebPageTest" time="0.000"/>
  <system-out/>
  <testcase classname="com.OrangeHRMApplication.AddEmployeeTest" name="personalDetailsTest" time="0.114"/>
  <system-out/>
</testsuite> <!-- com.OrangeHRMApplication.AddEmployeeTest -->
