<?xml version="1.0" encoding="UTF-8"?>
<!-- Generated by org.testng.reporters.JUnitReportReporter -->
<testsuite hostname="ChanduReddy" failures="0" tests="1" name="com.WebTable.CapturingCompleteWebTableData" time="4.526" errors="0" timestamp="2024-02-09T15:26:06 IST" skipped="0">
  <testcase classname="com.WebTable.CapturingCompleteWebTableData" name="getting_CompleteWebTableData" time="4.526"/>
  <system-out/>
</testsuite> <!-- com.WebTable.CapturingCompleteWebTableData -->
