<?xml version="1.0" encoding="UTF-8"?>
<!-- Generated by org.testng.reporters.JUnitReportReporter -->
<testsuite hostname="ChanduReddy" failures="0" tests="1" name="com.Alert.Tsrtc_HandlingAlert" time="5.110" errors="0" timestamp="2024-02-09T14:00:52 IST" skipped="0">
  <testcase classname="com.Alert.Tsrtc_HandlingAlert" name="hadlingAlert" time="5.110"/>
  <system-out/>
</testsuite> <!-- com.Alert.Tsrtc_HandlingAlert -->
