<?xml version="1.0" encoding="UTF-8"?>
<!-- Generated by org.testng.reporters.JUnitReportReporter -->
<testsuite hostname="ChanduReddy" failures="0" tests="5" name="com.OrangeHRMApplication.OrangeHRM_ApplicationTest" time="4.320" errors="0" timestamp="2024-02-12T15:36:37 IST" skipped="0">
  <testcase classname="com.OrangeHRMApplication.OrangeHRM_ApplicationTest" name="logInPageTest" time="0.522"/>
  <system-out/>
  <testcase classname="com.OrangeHRMApplication.OrangeHRM_ApplicationTest" name="logInTest" time="1.844"/>
  <system-out/>
  <testcase classname="com.OrangeHRMApplication.OrangeHRM_ApplicationTest" name="homePageTest" time="0.044"/>
  <system-out/>
  <testcase classname="com.OrangeHRMApplication.OrangeHRM_ApplicationTest" name="logOutTest" time="1.763"/>
  <system-out/>
  <testcase classname="com.OrangeHRMApplication.OrangeHRM_ApplicationTest" name="logInPageTestAfterLogOut" time="0.147"/>
  <system-out/>
</testsuite> <!-- com.OrangeHRMApplication.OrangeHRM_ApplicationTest -->
