<?xml version="1.0" encoding="UTF-8"?>
<!-- Generated by org.testng.reporters.JUnitReportReporter -->
<testsuite hostname="ChanduReddy" failures="0" tests="1" name="com.WebTable.CapturingCompleteWebTableData1" time="6.259" errors="0" timestamp="2024-02-09T19:41:54 IST" skipped="0">
  <testcase classname="com.WebTable.CapturingCompleteWebTableData1" name="getData_DynamicWebTable" time="6.259"/>
  <system-out/>
</testsuite> <!-- com.WebTable.CapturingCompleteWebTableData1 -->
