<?xml version="1.0" encoding="UTF-8"?>
<!-- Generated by org.testng.reporters.JUnitReportReporter -->
<testsuite hostname="ChanduReddy" failures="0" tests="4" name="com.OrangeHRMApplicationTestCases.LogInPageTest" time="12.579" errors="0" timestamp="2024-02-17T14:40:06 IST" skipped="0">
  <testcase classname="com.OrangeHRMApplicationTestCases.LogInPageTest" name="Test" time="3.062"/>
  <testcase classname="com.OrangeHRMApplicationTestCases.LogInPageTest" name="orangeHRMApplicationLogInPage_logInPannelTextTest" time="2.615"/>
  <testcase classname="com.OrangeHRMApplicationTestCases.LogInPageTest" name="orangeHRMApplicationLogInPage_LogoValidationTest" time="2.587"/>
  <testcase classname="com.OrangeHRMApplicationTestCases.LogInPageTest" name="orangeHRMApplicationLogInPage_LogInTest" time="4.315"/>
</testsuite> <!-- com.OrangeHRMApplicationTestCases.LogInPageTest -->
