<?xml version="1.0" encoding="UTF-8"?>
<!-- Generated by org.testng.reporters.JUnitReportReporter -->
<testsuite hostname="ChanduReddy" failures="0" tests="1" name="com.OrangeHRMApplicationPages.LogInPage" time="2.968" errors="0" timestamp="2024-02-17T14:28:56 IST" skipped="0">
  <testcase classname="com.OrangeHRMApplicationPages.LogInPage" name="Test" time="2.968"/>
</testsuite> <!-- com.OrangeHRMApplicationPages.LogInPage -->
