<?xml version="1.0" encoding="UTF-8"?>
<!-- Generated by org.testng.reporters.JUnitReportReporter -->
<testsuite hostname="ChanduReddy" failures="0" tests="1" name="com.BaseTest.BaseTest" time="3.015" errors="0" timestamp="2024-02-17T14:24:30 IST" skipped="0">
  <testcase classname="com.BaseTest.BaseTest" name="Test" time="3.015"/>
</testsuite> <!-- com.BaseTest.BaseTest -->
