<?xml version="1.0" encoding="UTF-8"?>
<!-- Generated by org.testng.reporters.JUnitReportReporter -->
<testsuite hostname="ChanduReddy" failures="0" tests="1" name="com.RadioButtonsTesting.EchoEchoApplication_RadioButtonsTesting" time="16.034" errors="0" timestamp="2024-02-16T15:13:39 IST" skipped="0">
  <testcase classname="com.RadioButtonsTesting.EchoEchoApplication_RadioButtonsTesting" name="group1RadioButtonsTesting" time="16.034"/>
</testsuite> <!-- com.RadioButtonsTesting.EchoEchoApplication_RadioButtonsTesting -->
