<?xml version="1.0" encoding="UTF-8"?>
<!-- Generated by org.testng.reporters.JUnitReportReporter -->
<testsuite hostname="ChanduReddy" failures="0" tests="1" name="com.RadioButtonsTesting.TestingAllRadioButtons" time="32.565" errors="0" timestamp="2024-02-16T16:09:15 IST" skipped="0">
  <testcase classname="com.RadioButtonsTesting.TestingAllRadioButtons" name="radioButtonsTesting" time="32.565"/>
</testsuite> <!-- com.RadioButtonsTesting.TestingAllRadioButtons -->
