<?xml version="1.0" encoding="UTF-8"?>
<!-- Generated by org.testng.reporters.JUnitReportReporter -->
<testsuite hostname="ChanduReddy" failures="0" tests="1" name="com.BaseTest.BaseTest" time="0.006" errors="0" timestamp="2024-02-16T14:54:10 IST" skipped="0">
  <testcase classname="com.BaseTest.BaseTest" name="test" time="0.006"/>
</testsuite> <!-- com.BaseTest.BaseTest -->
